INFO: [VRFC 10-2263] Analyzing Verilog file "E:/Descargas/Modelado/TFG/TFG.sim/sim_1/synth/timing/xsim/cache_controller_tb_time_synth.v" into library xil_defaultlib
INFO: [VRFC 10-311] analyzing module RAM256X1S_UNIQ_BASE_
INFO: [VRFC 10-311] analyzing module RAM256X1S_HD32
INFO: [VRFC 10-311] analyzing module RAM256X1S_HD33
INFO: [VRFC 10-311] analyzing module RAM256X1S_HD34
INFO: [VRFC 10-311] analyzing module RAM256X1S_HD35
INFO: [VRFC 10-311] analyzing module RAM256X1S_HD36
INFO: [VRFC 10-311] analyzing module RAM256X1S_HD37
INFO: [VRFC 10-311] analyzing module RAM256X1S_HD38
INFO: [VRFC 10-311] analyzing module RAM256X1S_HD39
INFO: [VRFC 10-311] analyzing module RAM256X1S_HD40
INFO: [VRFC 10-311] analyzing module RAM256X1S_HD41
INFO: [VRFC 10-311] analyzing module RAM256X1S_HD42
INFO: [VRFC 10-311] analyzing module RAM256X1S_HD43
INFO: [VRFC 10-311] analyzing module RAM256X1S_HD44
INFO: [VRFC 10-311] analyzing module RAM256X1S_HD45
INFO: [VRFC 10-311] analyzing module RAM256X1S_HD46
INFO: [VRFC 10-311] analyzing module RAM256X1S_HD47
INFO: [VRFC 10-311] analyzing module RAM256X1S_HD48
INFO: [VRFC 10-311] analyzing module RAM256X1S_HD49
INFO: [VRFC 10-311] analyzing module RAM256X1S_HD50
INFO: [VRFC 10-311] analyzing module RAM256X1S_HD51
INFO: [VRFC 10-311] analyzing module RAM256X1S_HD52
INFO: [VRFC 10-311] analyzing module RAM256X1S_HD53
INFO: [VRFC 10-311] analyzing module RAM256X1S_HD54
INFO: [VRFC 10-311] analyzing module RAM256X1S_HD55
INFO: [VRFC 10-311] analyzing module RAM256X1S_HD56
INFO: [VRFC 10-311] analyzing module RAM256X1S_HD57
INFO: [VRFC 10-311] analyzing module RAM256X1S_HD58
INFO: [VRFC 10-311] analyzing module RAM256X1S_HD59
INFO: [VRFC 10-311] analyzing module RAM256X1S_HD60
INFO: [VRFC 10-311] analyzing module RAM256X1S_HD61
INFO: [VRFC 10-311] analyzing module RAM256X1S_HD62
INFO: [VRFC 10-311] analyzing module cache_controller
INFO: [VRFC 10-311] analyzing module ram
INFO: [VRFC 10-311] analyzing module glbl
INFO: [VRFC 10-163] Analyzing VHDL file "E:/Descargas/Modelado/TFG/TFG.srcs/sim_1/new/cache_controller_tb.vhd" into library xil_defaultlib
INFO: [VRFC 10-3107] analyzing entity 'cache_controller_tb'
